  CryptSample.cpp
C:\Users\administrator.JFADM210\Source\Repos\CryptSample\CryptSample\CustomCryptoService.h(170,9): warning C4441: calling convention of '__cdecl ' ignored; '__clrcall ' used instead
  (compiling source file 'CryptSample.cpp')
  
C:\Users\administrator.JFADM210\Source\Repos\CryptSample\CryptSample\CustomCryptoService.h(179,9): warning C4441: calling convention of '__cdecl ' ignored; '__clrcall ' used instead
  (compiling source file 'CryptSample.cpp')
  
C:\Users\administrator.JFADM210\Source\Repos\CryptSample\CryptSample\CustomHashService.h(115,13): warning C4441: calling convention of '__cdecl ' ignored; '__clrcall ' used instead
  (compiling source file 'CryptSample.cpp')
  
C:\Users\administrator.JFADM210\Source\Repos\CryptSample\CryptSample\CustomHashService.h(116,13): warning C4441: calling convention of '__cdecl ' ignored; '__clrcall ' used instead
  (compiling source file 'CryptSample.cpp')
  
C:\Users\administrator.JFADM210\Source\Repos\CryptSample\CryptSample\CustomHashService.h(117,13): warning C4441: calling convention of '__cdecl ' ignored; '__clrcall ' used instead
  (compiling source file 'CryptSample.cpp')
  
C:\Users\administrator.JFADM210\Source\Repos\CryptSample\CryptSample\CryptSample.cpp(57,31): warning C4838: conversion from 'size_t' to 'DWORD' requires a narrowing conversion
C:\Users\administrator.JFADM210\Source\Repos\CryptSample\CryptSample\CryptSample.cpp(57,31): warning C4267: 'initializing': conversion from 'size_t' to 'DWORD', possible loss of data
C:\Users\administrator.JFADM210\Source\Repos\CryptSample\CryptSample\CryptSample.cpp(57,47): warning C4838: conversion from 'size_t' to 'DWORD' requires a narrowing conversion
C:\Users\administrator.JFADM210\Source\Repos\CryptSample\CryptSample\CryptSample.cpp(57,47): warning C4267: 'initializing': conversion from 'size_t' to 'DWORD', possible loss of data
C:\Users\administrator.JFADM210\Source\Repos\CryptSample\CryptSample\CryptSample.cpp(61,29): warning C4838: conversion from 'size_t' to 'DWORD' requires a narrowing conversion
C:\Users\administrator.JFADM210\Source\Repos\CryptSample\CryptSample\CryptSample.cpp(61,29): warning C4267: 'initializing': conversion from 'size_t' to 'DWORD', possible loss of data
C:\Users\administrator.JFADM210\Source\Repos\CryptSample\CryptSample\CryptSample.cpp(61,39): warning C4838: conversion from 'size_t' to 'DWORD' requires a narrowing conversion
C:\Users\administrator.JFADM210\Source\Repos\CryptSample\CryptSample\CryptSample.cpp(61,39): warning C4267: 'initializing': conversion from 'size_t' to 'DWORD', possible loss of data
C:\Users\administrator.JFADM210\Source\Repos\CryptSample\CryptSample\CryptSample.cpp(99,36): warning C4267: 'argument': conversion from 'size_t' to 'unsigned int', possible loss of data
C:\Users\administrator.JFADM210\Source\Repos\CryptSample\CryptSample\CryptSample.cpp(103,37): warning C4267: 'argument': conversion from 'size_t' to 'unsigned int', possible loss of data
  CryptSample.obj : MSIL module encountered; incremental linking is disabled for MSIL; performing full link
  CryptSample.vcxproj -> C:\Users\administrator.JFADM210\Source\Repos\CryptSample\x64\Debug\CryptSample.exe
